0 info it worked if it ends with ok
1 verbose cli [ '/usr/bin/node', '/usr/bin/npm', 'publish' ]
2 info using npm@4.0.5
3 info using node@v7.3.0
4 verbose publish [ '.' ]
5 silly cache add args [ '.', null ]
6 verbose cache add spec .
7 silly cache add parsed spec Result {
7 silly cache add   raw: '.',
7 silly cache add   scope: null,
7 silly cache add   escapedName: null,
7 silly cache add   name: null,
7 silly cache add   rawSpec: '.',
7 silly cache add   spec: '/home/vojtik/symphony/pickathing',
7 silly cache add   type: 'directory' }
8 verbose addLocalDirectory /home/vojtik/.npm/pickathing/0.3.0/package.tgz not in flight; packing
9 verbose correctMkdir /home/vojtik/.npm correctMkdir not in flight; initializing
10 info lifecycle pickathing@0.3.0~prepublish: pickathing@0.3.0
11 silly lifecycle pickathing@0.3.0~prepublish: no script for prepublish, continuing
12 info lifecycle pickathing@0.3.0~prepare: pickathing@0.3.0
13 silly lifecycle pickathing@0.3.0~prepare: no script for prepare, continuing
14 verbose tar pack [ '/home/vojtik/.npm/pickathing/0.3.0/package.tgz',
14 verbose tar pack   '/home/vojtik/symphony/pickathing' ]
15 verbose tarball /home/vojtik/.npm/pickathing/0.3.0/package.tgz
16 verbose folder /home/vojtik/symphony/pickathing
17 verbose addLocalTarball adding from inside cache /home/vojtik/.npm/pickathing/0.3.0/package.tgz
18 verbose correctMkdir /home/vojtik/.npm correctMkdir not in flight; initializing
19 silly cache afterAdd pickathing@0.3.0
20 verbose afterAdd /home/vojtik/.npm/pickathing/0.3.0/package/package.json not in flight; writing
21 verbose correctMkdir /home/vojtik/.npm correctMkdir not in flight; initializing
22 verbose afterAdd /home/vojtik/.npm/pickathing/0.3.0/package/package.json written
23 silly publish { name: 'pickathing',
23 silly publish   version: '0.3.0',
23 silly publish   description: 'Simple select written in Vanilla JS',
23 silly publish   main: 'index.js',
23 silly publish   scripts:
23 silly publish    { test: 'echo "Error: no test specified" && exit 1',
23 silly publish      build: 'buble src/pickathing.js > dist/pickathing.js && node-sass src/pickathing.scss dist/pickathing.css',
23 silly publish      sass: 'node-sass src/pickathing.scss dist/pickathing.css',
23 silly publish      js: 'buble src/pickathing.js > dist/pickathing.js' },
23 silly publish   repository:
23 silly publish    { type: 'git',
23 silly publish      url: 'git+https://github.com/Symphony9/pickathing.git' },
23 silly publish   keywords:
23 silly publish    [ 'select',
23 silly publish      'selectjs',
23 silly publish      'vanillajs',
23 silly publish      'pickathing',
23 silly publish      'vojtechklos',
23 silly publish      'symphonyno9',
23 silly publish      'symphony' ],
23 silly publish   author: { name: 'Vojtech Klos, Symphony no. 9' },
23 silly publish   license: 'MIT',
23 silly publish   bugs: { url: 'https://github.com/Symphony9/pickathing/issues' },
23 silly publish   homepage: 'https://github.com/Symphony9/pickathing#readme',
23 silly publish   devDependencies: { buble: '^0.13.2', 'node-sass': '^3.9.3' },
23 silly publish   readme: '# pickathing\nSimple select written in Vanilla JS\n\nJust do `var select = new Pickathing(\'your-id\', true/false)`\n\ntrue /false is for the searchfield to show or not.\n\nIf you want multiple select it is easy! Just create normal multiple select:\n\n`<select multiple> ...`\n\nand initialization is the same as with normal select.\n\nThere is an option to filter one select by the other. To do that simply add options object as a third parameter like so:\n\n`new Pickathing(\'your-id\', true/false, {filterAttr: \'data-filter\', filter: select})`\n\nThe select needs to be instance of Pickathing class.',
23 silly publish   readmeFilename: 'README.md',
23 silly publish   gitHead: 'e50e6f19590ead49d460f8279c33af1c1087f7e5',
23 silly publish   _id: 'pickathing@0.3.0',
23 silly publish   _shasum: '68cb2f4bab9ea0dca214f6a9f58fd5368c62f1ae',
23 silly publish   _from: '.' }
24 info lifecycle pickathing@0.3.0~prepublishOnly: pickathing@0.3.0
25 silly lifecycle pickathing@0.3.0~prepublishOnly: no script for prepublishOnly, continuing
26 verbose getPublishConfig undefined
27 silly mapToRegistry name pickathing
28 silly mapToRegistry using default registry
29 silly mapToRegistry registry https://registry.npmjs.org/
30 silly mapToRegistry data Result {
30 silly mapToRegistry   raw: 'pickathing',
30 silly mapToRegistry   scope: null,
30 silly mapToRegistry   escapedName: 'pickathing',
30 silly mapToRegistry   name: 'pickathing',
30 silly mapToRegistry   rawSpec: '',
30 silly mapToRegistry   spec: 'latest',
30 silly mapToRegistry   type: 'tag' }
31 silly mapToRegistry uri https://registry.npmjs.org/pickathing
32 verbose publish registryBase https://registry.npmjs.org/
33 silly publish uploading /home/vojtik/.npm/pickathing/0.3.0/package.tgz
34 verbose request uri https://registry.npmjs.org/pickathing
35 verbose request sending authorization for write operation
36 info attempt registry request try #1 at 5:08:29 PM
37 verbose request using bearer token for auth
38 verbose request id b68069f816097107
39 http request PUT https://registry.npmjs.org/pickathing
40 http 403 https://registry.npmjs.org/pickathing
41 verbose headers { 'content-type': 'application/json',
41 verbose headers   'cache-control': 'max-age=300',
41 verbose headers   'content-length': '95',
41 verbose headers   'accept-ranges': 'bytes',
41 verbose headers   date: 'Wed, 04 Jan 2017 16:10:06 GMT',
41 verbose headers   via: '1.1 varnish',
41 verbose headers   connection: 'keep-alive',
41 verbose headers   'x-served-by': 'cache-fra1231-FRA',
41 verbose headers   'x-cache': 'MISS',
41 verbose headers   'x-cache-hits': '0',
41 verbose headers   'x-timer': 'S1483546206.000048,VS0,VE950',
41 verbose headers   vary: 'Accept-Encoding' }
42 verbose request invalidating /home/vojtik/.npm/registry.npmjs.org/pickathing on PUT
43 error publish Failed PUT 403
44 verbose stack Error: "You cannot publish over the previously published version 0.3.0." : pickathing
44 verbose stack     at makeError (/usr/lib/node_modules/npm/node_modules/npm-registry-client/lib/request.js:302:12)
44 verbose stack     at CachingRegistryClient.<anonymous> (/usr/lib/node_modules/npm/node_modules/npm-registry-client/lib/request.js:290:14)
44 verbose stack     at Request._callback (/usr/lib/node_modules/npm/node_modules/npm-registry-client/lib/request.js:210:14)
44 verbose stack     at Request.self.callback (/usr/lib/node_modules/npm/node_modules/request/request.js:186:22)
44 verbose stack     at emitTwo (events.js:106:13)
44 verbose stack     at Request.emit (events.js:191:7)
44 verbose stack     at Request.<anonymous> (/usr/lib/node_modules/npm/node_modules/request/request.js:1081:10)
44 verbose stack     at emitOne (events.js:96:13)
44 verbose stack     at Request.emit (events.js:188:7)
44 verbose stack     at IncomingMessage.<anonymous> (/usr/lib/node_modules/npm/node_modules/request/request.js:1001:12)
45 verbose statusCode 403
46 verbose pkgid pickathing
47 verbose cwd /home/vojtik/symphony/pickathing
48 error Linux 4.8.13-1-ARCH
49 error argv "/usr/bin/node" "/usr/bin/npm" "publish"
50 error node v7.3.0
51 error npm  v4.0.5
52 error code E403
53 error "You cannot publish over the previously published version 0.3.0." : pickathing
54 error If you need help, you may report this error at:
54 error     <https://github.com/npm/npm/issues>
55 verbose exit [ 1, true ]
